# JRE version: OpenJDK Runtime Environment Temurin-17.0.9+9 (17.0.9+9) (build 17.0.9+9)
# Java VM: OpenJDK 64-Bit Server VM Temurin-17.0.9+9 (17.0.9+9, mixed mode, emulated-client, tiered, compressed oops, compressed class ptrs, g1 gc, windows-amd64)
GC Precious Log:
 CPUs: 8 total, 8 available
 Memory: 8053M
 Large Page Support: Disabled
 NUMA Support: Disabled
 Compressed Oops: Enabled (32-bit)
 Heap Region Size: 1M
 Heap Min Capacity: 8M
 Heap Initial Capacity: 126M
 Heap Max Capacity: 1G
 Pre-touch: Disabled
 Parallel Workers: 8
 Concurrent Workers: 2
 Concurrent Refinement Workers: 8
 Periodic GC: Disabled
Heap:
 garbage-first heap   total 86016K, used 34304K [0x00000000c0000000, 0x0000000100000000)
  region size 1024K, 1 young (1024K), 0 survivors (0K)
 Metaspace       used 58342K, committed 58880K, reserved 1114112K
  class space    used 7218K, committed 7488K, reserved 1048576K
GC Heap History (20 events):
Event: 9549.512 GC heap before
{Heap before GC invocations=76 (full 57):
 garbage-first heap   total 86016K, used 34304K [0x00000000c0000000, 0x0000000100000000)
  region size 1024K, 1 young (1024K), 0 survivors (0K)
 Metaspace       used 58319K, committed 58880K, reserved 1114112K
  class space    used 7214K, committed 7488K, reserved 1048576K
}
Event: 9549.580 GC heap after
{Heap after GC invocations=77 (full 58):
 garbage-first heap   total 86016K, used 34304K [0x00000000c0000000, 0x0000000100000000)
  region size 1024K, 0 young (0K), 0 survivors (0K)
 Metaspace       used 58319K, committed 58880K, reserved 1114112K
  class space    used 7214K, committed 7488K, reserved 1048576K
}
Event: 9559.912 GC heap before
{Heap before GC invocations=77 (full 58):
 garbage-first heap   total 86016K, used 34304K [0x00000000c0000000, 0x0000000100000000)
  region size 1024K, 1 young (1024K), 0 survivors (0K)
 Metaspace       used 58319K, committed 58880K, reserved 1114112K
  class space    used 7214K, committed 7488K, reserved 1048576K
}
Event: 9559.977 GC heap after
{Heap after GC invocations=78 (full 59):
 garbage-first heap   total 86016K, used 34304K [0x00000000c0000000, 0x0000000100000000)
  region size 1024K, 0 young (0K), 0 survivors (0K)
 Metaspace       used 58319K, committed 58880K, reserved 1114112K
  class space    used 7214K, committed 7488K, reserved 1048576K
}
Event: 9570.273 GC heap before
{Heap before GC invocations=78 (full 59):
 garbage-first heap   total 86016K, used 34304K [0x00000000c0000000, 0x0000000100000000)
  region size 1024K, 1 young (1024K), 0 survivors (0K)
 Metaspace       used 58319K, committed 58880K, reserved 1114112K
  class space    used 7214K, committed 7488K, reserved 1048576K
}
Event: 9570.341 GC heap after
{Heap after GC invocations=79 (full 60):
 garbage-first heap   total 86016K, used 34304K [0x00000000c0000000, 0x0000000100000000)
  region size 1024K, 0 young (0K), 0 survivors (0K)
 Metaspace       used 58319K, committed 58880K, reserved 1114112K
  class space    used 7214K, committed 7488K, reserved 1048576K
}
Event: 9580.719 GC heap before
{Heap before GC invocations=79 (full 60):
 garbage-first heap   total 86016K, used 34304K [0x00000000c0000000, 0x0000000100000000)
  region size 1024K, 1 young (1024K), 0 survivors (0K)
 Metaspace       used 58319K, committed 58880K, reserved 1114112K
  class space    used 7214K, committed 7488K, reserved 1048576K
}
Event: 9580.799 GC heap after
{Heap after GC invocations=80 (full 61):
 garbage-first heap   total 86016K, used 34304K [0x00000000c0000000, 0x0000000100000000)
  region size 1024K, 0 young (0K), 0 survivors (0K)
 Metaspace       used 58319K, committed 58880K, reserved 1114112K
  class space    used 7214K, committed 7488K, reserved 1048576K
}
Event: 9591.096 GC heap before
{Heap before GC invocations=80 (full 61):
 garbage-first heap   total 86016K, used 34304K [0x00000000c0000000, 0x0000000100000000)
  region size 1024K, 1 young (1024K), 0 survivors (0K)
 Metaspace       used 58319K, committed 58880K, reserved 1114112K
  class space    used 7214K, committed 7488K, reserved 1048576K
}
Event: 9591.162 GC heap after
{Heap after GC invocations=81 (full 62):
 garbage-first heap   total 86016K, used 34304K [0x00000000c0000000, 0x0000000100000000)
  region size 1024K, 0 young (0K), 0 survivors (0K)
 Metaspace       used 58319K, committed 58880K, reserved 1114112K
  class space    used 7214K, committed 7488K, reserved 1048576K
}
Event: 9601.473 GC heap before
{Heap before GC invocations=81 (full 62):
 garbage-first heap   total 86016K, used 34304K [0x00000000c0000000, 0x0000000100000000)
  region size 1024K, 1 young (1024K), 0 survivors (0K)
 Metaspace       used 58319K, committed 58880K, reserved 1114112K
  class space    used 7214K, committed 7488K, reserved 1048576K
}
Event: 9601.546 GC heap after
{Heap after GC invocations=82 (full 63):
 garbage-first heap   total 86016K, used 34304K [0x00000000c0000000, 0x0000000100000000)
  region size 1024K, 0 young (0K), 0 survivors (0K)
 Metaspace       used 58319K, committed 58880K, reserved 1114112K
  class space    used 7214K, committed 7488K, reserved 1048576K
}
Event: 9611.817 GC heap before
{Heap before GC invocations=82 (full 63):
 garbage-first heap   total 86016K, used 34304K [0x00000000c0000000, 0x0000000100000000)
  region size 1024K, 1 young (1024K), 0 survivors (0K)
 Metaspace       used 58319K, committed 58880K, reserved 1114112K
  class space    used 7214K, committed 7488K, reserved 1048576K
}
Event: 9611.866 GC heap after
{Heap after GC invocations=83 (full 64):
 garbage-first heap   total 86016K, used 34304K [0x00000000c0000000, 0x0000000100000000)
  region size 1024K, 0 young (0K), 0 survivors (0K)
 Metaspace       used 58319K, committed 58880K, reserved 1114112K
  class space    used 7214K, committed 7488K, reserved 1048576K
}
Event: 9622.082 GC heap before
{Heap before GC invocations=83 (full 64):
 garbage-first heap   total 86016K, used 34304K [0x00000000c0000000, 0x0000000100000000)
  region size 1024K, 1 young (1024K), 0 survivors (0K)
 Metaspace       used 58319K, committed 58880K, reserved 1114112K
  class space    used 7214K, committed 7488K, reserved 1048576K
}
Event: 9622.124 GC heap after
{Heap after GC invocations=84 (full 65):
 garbage-first heap   total 86016K, used 34304K [0x00000000c0000000, 0x0000000100000000)
  region size 1024K, 0 young (0K), 0 survivors (0K)
 Metaspace       used 58319K, committed 58880K, reserved 1114112K
  class space    used 7214K, committed 7488K, reserved 1048576K
}
Event: 9632.387 GC heap before
{Heap before GC invocations=84 (full 65):
 garbage-first heap   total 86016K, used 34304K [0x00000000c0000000, 0x0000000100000000)
  region size 1024K, 1 young (1024K), 0 survivors (0K)
 Metaspace       used 58319K, committed 58880K, reserved 1114112K
  class space    used 7214K, committed 7488K, reserved 1048576K
}
Event: 9632.455 GC heap after
{Heap after GC invocations=85 (full 66):
 garbage-first heap   total 86016K, used 34304K [0x00000000c0000000, 0x0000000100000000)
  region size 1024K, 0 young (0K), 0 survivors (0K)
 Metaspace       used 58319K, committed 58880K, reserved 1114112K
  class space    used 7214K, committed 7488K, reserved 1048576K
}
Event: 9642.741 GC heap before
{Heap before GC invocations=85 (full 66):
 garbage-first heap   total 86016K, used 34304K [0x00000000c0000000, 0x0000000100000000)
  region size 1024K, 1 young (1024K), 0 survivors (0K)
 Metaspace       used 58319K, committed 58880K, reserved 1114112K
  class space    used 7214K, committed 7488K, reserved 1048576K
}
Event: 9642.811 GC heap after
{Heap after GC invocations=86 (full 67):
 garbage-first heap   total 86016K, used 34304K [0x00000000c0000000, 0x0000000100000000)
  region size 1024K, 0 young (0K), 0 survivors (0K)
 Metaspace       used 58319K, committed 58880K, reserved 1114112K
  class space    used 7214K, committed 7488K, reserved 1048576K
}

