# JRE version: OpenJDK Runtime Environment Temurin-17.0.10+7 (17.0.10+7) (build 17.0.10+7)
# Java VM: OpenJDK 64-Bit Server VM Temurin-17.0.10+7 (17.0.10+7, mixed mode, emulated-client, tiered, compressed oops, compressed class ptrs, g1 gc, windows-amd64)
GC Precious Log:
 CPUs: 8 total, 8 available
 Memory: 8053M
 Large Page Support: Disabled
 NUMA Support: Disabled
 Compressed Oops: Enabled (32-bit)
 Heap Region Size: 1M
 Heap Min Capacity: 8M
 Heap Initial Capacity: 126M
 Heap Max Capacity: 1G
 Pre-touch: Disabled
 Parallel Workers: 8
 Concurrent Workers: 2
 Concurrent Refinement Workers: 8
 Periodic GC: Disabled
Heap:
 garbage-first heap   total 81920K, used 34631K [0x00000000c0000000, 0x0000000100000000)
  region size 1024K, 1 young (1024K), 0 survivors (0K)
 Metaspace       used 57885K, committed 58496K, reserved 1114112K
  class space    used 7146K, committed 7424K, reserved 1048576K
GC Heap History (20 events):
Event: 1903.122 GC heap before
{Heap before GC invocations=168 (full 154):
 garbage-first heap   total 81920K, used 34631K [0x00000000c0000000, 0x0000000100000000)
  region size 1024K, 1 young (1024K), 0 survivors (0K)
 Metaspace       used 57885K, committed 58496K, reserved 1114112K
  class space    used 7146K, committed 7424K, reserved 1048576K
}
Event: 1903.239 GC heap after
{Heap after GC invocations=169 (full 155):
 garbage-first heap   total 81920K, used 34631K [0x00000000c0000000, 0x0000000100000000)
  region size 1024K, 0 young (0K), 0 survivors (0K)
 Metaspace       used 57885K, committed 58496K, reserved 1114112K
  class space    used 7146K, committed 7424K, reserved 1048576K
}
Event: 1913.417 GC heap before
{Heap before GC invocations=169 (full 155):
 garbage-first heap   total 81920K, used 34631K [0x00000000c0000000, 0x0000000100000000)
  region size 1024K, 1 young (1024K), 0 survivors (0K)
 Metaspace       used 57885K, committed 58496K, reserved 1114112K
  class space    used 7146K, committed 7424K, reserved 1048576K
}
Event: 1913.447 GC heap after
{Heap after GC invocations=170 (full 156):
 garbage-first heap   total 81920K, used 34631K [0x00000000c0000000, 0x0000000100000000)
  region size 1024K, 0 young (0K), 0 survivors (0K)
 Metaspace       used 57885K, committed 58496K, reserved 1114112K
  class space    used 7146K, committed 7424K, reserved 1048576K
}
Event: 1923.598 GC heap before
{Heap before GC invocations=170 (full 156):
 garbage-first heap   total 81920K, used 34631K [0x00000000c0000000, 0x0000000100000000)
  region size 1024K, 1 young (1024K), 0 survivors (0K)
 Metaspace       used 57885K, committed 58496K, reserved 1114112K
  class space    used 7146K, committed 7424K, reserved 1048576K
}
Event: 1923.625 GC heap after
{Heap after GC invocations=171 (full 157):
 garbage-first heap   total 81920K, used 34631K [0x00000000c0000000, 0x0000000100000000)
  region size 1024K, 0 young (0K), 0 survivors (0K)
 Metaspace       used 57885K, committed 58496K, reserved 1114112K
  class space    used 7146K, committed 7424K, reserved 1048576K
}
Event: 1933.801 GC heap before
{Heap before GC invocations=171 (full 157):
 garbage-first heap   total 81920K, used 34631K [0x00000000c0000000, 0x0000000100000000)
  region size 1024K, 1 young (1024K), 0 survivors (0K)
 Metaspace       used 57885K, committed 58496K, reserved 1114112K
  class space    used 7146K, committed 7424K, reserved 1048576K
}
Event: 1933.833 GC heap after
{Heap after GC invocations=172 (full 158):
 garbage-first heap   total 81920K, used 34631K [0x00000000c0000000, 0x0000000100000000)
  region size 1024K, 0 young (0K), 0 survivors (0K)
 Metaspace       used 57885K, committed 58496K, reserved 1114112K
  class space    used 7146K, committed 7424K, reserved 1048576K
}
Event: 1944.034 GC heap before
{Heap before GC invocations=172 (full 158):
 garbage-first heap   total 81920K, used 34631K [0x00000000c0000000, 0x0000000100000000)
  region size 1024K, 1 young (1024K), 0 survivors (0K)
 Metaspace       used 57885K, committed 58496K, reserved 1114112K
  class space    used 7146K, committed 7424K, reserved 1048576K
}
Event: 1944.066 GC heap after
{Heap after GC invocations=173 (full 159):
 garbage-first heap   total 81920K, used 34631K [0x00000000c0000000, 0x0000000100000000)
  region size 1024K, 0 young (0K), 0 survivors (0K)
 Metaspace       used 57885K, committed 58496K, reserved 1114112K
  class space    used 7146K, committed 7424K, reserved 1048576K
}
Event: 1954.261 GC heap before
{Heap before GC invocations=173 (full 159):
 garbage-first heap   total 81920K, used 34631K [0x00000000c0000000, 0x0000000100000000)
  region size 1024K, 1 young (1024K), 0 survivors (0K)
 Metaspace       used 57885K, committed 58496K, reserved 1114112K
  class space    used 7146K, committed 7424K, reserved 1048576K
}
Event: 1954.302 GC heap after
{Heap after GC invocations=174 (full 160):
 garbage-first heap   total 81920K, used 34631K [0x00000000c0000000, 0x0000000100000000)
  region size 1024K, 0 young (0K), 0 survivors (0K)
 Metaspace       used 57885K, committed 58496K, reserved 1114112K
  class space    used 7146K, committed 7424K, reserved 1048576K
}
Event: 1964.453 GC heap before
{Heap before GC invocations=174 (full 160):
 garbage-first heap   total 81920K, used 34631K [0x00000000c0000000, 0x0000000100000000)
  region size 1024K, 1 young (1024K), 0 survivors (0K)
 Metaspace       used 57885K, committed 58496K, reserved 1114112K
  class space    used 7146K, committed 7424K, reserved 1048576K
}
Event: 1964.481 GC heap after
{Heap after GC invocations=175 (full 161):
 garbage-first heap   total 81920K, used 34631K [0x00000000c0000000, 0x0000000100000000)
  region size 1024K, 0 young (0K), 0 survivors (0K)
 Metaspace       used 57885K, committed 58496K, reserved 1114112K
  class space    used 7146K, committed 7424K, reserved 1048576K
}
Event: 1974.635 GC heap before
{Heap before GC invocations=175 (full 161):
 garbage-first heap   total 81920K, used 34631K [0x00000000c0000000, 0x0000000100000000)
  region size 1024K, 1 young (1024K), 0 survivors (0K)
 Metaspace       used 57885K, committed 58496K, reserved 1114112K
  class space    used 7146K, committed 7424K, reserved 1048576K
}
Event: 1974.667 GC heap after
{Heap after GC invocations=176 (full 162):
 garbage-first heap   total 81920K, used 34631K [0x00000000c0000000, 0x0000000100000000)
  region size 1024K, 0 young (0K), 0 survivors (0K)
 Metaspace       used 57885K, committed 58496K, reserved 1114112K
  class space    used 7146K, committed 7424K, reserved 1048576K
}
Event: 1984.815 GC heap before
{Heap before GC invocations=176 (full 162):
 garbage-first heap   total 81920K, used 34631K [0x00000000c0000000, 0x0000000100000000)
  region size 1024K, 1 young (1024K), 0 survivors (0K)
 Metaspace       used 57885K, committed 58496K, reserved 1114112K
  class space    used 7146K, committed 7424K, reserved 1048576K
}
Event: 1984.843 GC heap after
{Heap after GC invocations=177 (full 163):
 garbage-first heap   total 81920K, used 34631K [0x00000000c0000000, 0x0000000100000000)
  region size 1024K, 0 young (0K), 0 survivors (0K)
 Metaspace       used 57885K, committed 58496K, reserved 1114112K
  class space    used 7146K, committed 7424K, reserved 1048576K
}
Event: 1995.000 GC heap before
{Heap before GC invocations=177 (full 163):
 garbage-first heap   total 81920K, used 34631K [0x00000000c0000000, 0x0000000100000000)
  region size 1024K, 1 young (1024K), 0 survivors (0K)
 Metaspace       used 57885K, committed 58496K, reserved 1114112K
  class space    used 7146K, committed 7424K, reserved 1048576K
}
Event: 1995.032 GC heap after
{Heap after GC invocations=178 (full 164):
 garbage-first heap   total 81920K, used 34631K [0x00000000c0000000, 0x0000000100000000)
  region size 1024K, 0 young (0K), 0 survivors (0K)
 Metaspace       used 57885K, committed 58496K, reserved 1114112K
  class space    used 7146K, committed 7424K, reserved 1048576K
}

